\BOOKMARK [-1][-]{part.1}{\376\377\000I\000\040\000T\000h\000\351\000o\000r\000i\000e\000\040\000d\000e\000\040\000l\000a\000\040\000m\000e\000s\000u\000r\000e\000\040\000e\000t\000\040\000i\000n\000t\000\351\000g\000r\000a\000t\000i\000o\000n}{}% 1
\BOOKMARK [0][-]{chapter.1}{\376\377\000I\000n\000t\000r\000o\000d\000u\000c\000t\000i\000o\000n\000\040\000\340\000\040\000l\000a\000\040\000t\000h\000\351\000o\000r\000i\000e\000\040\000d\000e\000\040\000l\000a\000\040\000m\000e\000s\000u\000r\000e}{part.1}% 2
\BOOKMARK [1][-]{section.1.1}{\376\377\000E\000n\000s\000e\000m\000b\000l\000e\000s\000\040\000m\000e\000s\000u\000r\000a\000b\000l\000e\000s}{chapter.1}% 3
\BOOKMARK [1][-]{section.1.2}{\376\377\000D\000\351\000f\000i\000n\000i\000t\000i\000o\000n\000\040\000d\000e\000\040\000l\000a\000\040\000m\000e\000s\000u\000r\000e}{chapter.1}% 4
\BOOKMARK [1][-]{section.1.3}{\376\377\000E\000x\000e\000m\000p\000l\000e\000s\000\040\000i\000m\000p\000o\000r\000t\000a\000n\000t\000s}{chapter.1}% 5
\BOOKMARK [1][-]{section.1.4}{\376\377\000F\000o\000n\000c\000t\000i\000o\000n\000s\000\040\000m\000e\000s\000u\000r\000a\000b\000l\000e\000s}{chapter.1}% 6
\BOOKMARK [1][-]{section.1.5}{\376\377\000A\000p\000p\000r\000o\000x\000i\000m\000a\000t\000i\000o\000n\000\040\000d\000e\000s\000\040\000f\000o\000n\000c\000t\000i\000o\000n\000s\000\040\000m\000e\000s\000u\000r\000a\000b\000l\000e\000s}{chapter.1}% 7
\BOOKMARK [0][-]{chapter.2}{\376\377\000C\000o\000n\000s\000t\000r\000u\000c\000t\000i\000o\000n\000\040\000d\000e\000\040\000l\000'\000i\000n\000t\000\351\000g\000r\000a\000l\000e\000\040\000d\000e\000\040\000L\000e\000b\000e\000s\000g\000u\000e}{part.1}% 8
\BOOKMARK [1][-]{section.2.1}{\376\377\000P\000o\000u\000r\000q\000u\000o\000i\000\040\000d\000\351\000f\000i\000n\000i\000r\000\040\000u\000n\000e\000\040\000n\000o\000u\000v\000e\000l\000l\000e\000\040\000i\000n\000t\000\351\000g\000r\000a\000l\000e\000\040\000?}{chapter.2}% 9
\BOOKMARK [1][-]{section.2.2}{\376\377\000D\000\351\000f\000i\000n\000i\000t\000i\000o\000n\000\040\000d\000e\000\040\000l\000'\000i\000n\000t\000\351\000g\000r\000a\000l\000e\000\040\000d\000e\000\040\000L\000e\000b\000e\000s\000g\000u\000e\000\040\000p\000o\000u\000r\000\040\000d\000e\000s\000\040\000f\000o\000n\000c\000t\000i\000o\000n\000s\000\040\000p\000o\000s\000i\000t\000i\000v\000e\000s}{chapter.2}% 10
\BOOKMARK [1][-]{section.2.3}{\376\377\000P\000r\000o\000p\000r\000i\000\351\000t\000\351\000s\000\040\000d\000e\000\040\000l\000'\000i\000n\000t\000\351\000g\000r\000a\000l\000e\000\040\000p\000o\000s\000i\000t\000i\000v\000e}{chapter.2}% 11
\BOOKMARK [1][-]{section.2.4}{\376\377\000D\000\351\000f\000i\000n\000i\000t\000i\000o\000n\000\040\000d\000e\000\040\000l\000'\000i\000n\000t\000\351\000g\000r\000a\000l\000e\000\040\000d\000e\000\040\000L\000e\000b\000e\000s\000g\000u\000e\000\040\000p\000o\000u\000r\000\040\000d\000e\000s\000\040\000f\000o\000n\000c\000t\000i\000o\000n\000s\000\040\000s\000i\000g\000n\000\351\000e\000s}{chapter.2}% 12
\BOOKMARK [1][-]{section.2.5}{\376\377\000P\000r\000o\000p\000r\000i\000\351\000t\000\351\000s\000\040\000d\000e\000\040\000l\000'\000i\000n\000t\000\351\000g\000r\000a\000l\000e}{chapter.2}% 13
\BOOKMARK [2][-]{subsection.2.5.1}{\376\377\000L\000e\000\040\000t\000h\000\351\000o\000r\000\350\000m\000e\000\040\000d\000e\000\040\000c\000o\000n\000v\000e\000r\000g\000e\000n\000c\000e\000\040\000d\000o\000m\000i\000n\000\351\000e}{section.2.5}% 14
\BOOKMARK [2][-]{subsection.2.5.2}{\376\377\000L\000e\000s\000\040\000t\000h\000\351\000o\000r\000\350\000m\000e\000s\000\040\000d\000e\000\040\000F\000u\000b\000i\000n\000i\000-\000T\000o\000n\000e\000l\000l\000i}{section.2.5}% 15
\BOOKMARK [1][-]{section.2.6}{\376\377\000D\000\351\000m\000o\000n\000t\000r\000e\000r\000\040\000e\000n\000\040\000p\000r\000a\000t\000i\000q\000u\000e\000\040\000d\000e\000s\000\040\000r\000\351\000s\000u\000l\000t\000a\000t\000s\000\040\000s\000u\000r\000\040\000l\000e\000s\000\040\000i\000n\000t\000\351\000g\000r\000a\000l\000e\000s}{chapter.2}% 16
\BOOKMARK [1][-]{section.2.7}{\376\377\000M\000e\000s\000u\000r\000e\000s\000\040\000d\000\351\000f\000i\000n\000i\000e\000s\000\040\000p\000a\000r\000\040\000u\000n\000e\000\040\000i\000n\000t\000\351\000g\000r\000a\000l\000e}{chapter.2}% 17
\BOOKMARK [1][-]{section.2.8}{\376\377\000G\000\351\000n\000\351\000r\000a\000l\000i\000s\000a\000t\000i\000o\000n\000\040\000a\000u\000x\000\040\000f\000o\000n\000c\000t\000i\000o\000n\000s\000\040\000\340\000\040\000v\000a\000l\000e\000u\000r\000s\000\040\000d\000a\000n\000s\000\040\000R\000m}{chapter.2}% 18
\BOOKMARK [0][-]{chapter.3}{\376\377\000C\000a\000s\000\040\000p\000a\000r\000t\000i\000c\000u\000l\000i\000e\000r\000\040\000:\000\040\000l\000'\000i\000n\000t\000\351\000g\000r\000a\000l\000e\000\040\000d\000e\000\040\000L\000e\000b\000e\000s\000g\000u\000e\000\040\000m\000u\000n\000i\000e\000\040\000d\000e\000\040\000l\000a\000\040\000m\000e\000s\000u\000r\000e\000\040\000d\000e\000\040\000L\000e\000b\000e\000s\000g\000u\000e}{part.1}% 19
\BOOKMARK [1][-]{section.3.1}{\376\377\000Q\000u\000e\000\040\000d\000e\000v\000i\000e\000n\000n\000e\000n\000t\000\040\000l\000e\000s\000\040\000r\000\351\000s\000u\000l\000t\000a\000t\000s\000\040\000g\000\351\000n\000\351\000r\000a\000u\000x\000\040\000d\000a\000n\000s\000\040\000c\000e\000\040\000c\000a\000s\000\040\000p\000a\000r\000t\000i\000c\000u\000l\000i\000e\000r\000\040\000?}{chapter.3}% 20
\BOOKMARK [1][-]{section.3.2}{\376\377\000L\000'\000i\000n\000t\000\351\000g\000r\000a\000l\000e\000\040\000i\000n\000d\000\351\000t\000e\000r\000m\000i\000n\000\351\000e}{chapter.3}% 21
\BOOKMARK [0][-]{chapter.4}{\376\377\000C\000a\000s\000\040\000p\000a\000r\000t\000i\000c\000u\000l\000i\000e\000r\000\040\000:\000\040\000l\000'\000i\000n\000t\000\351\000g\000r\000a\000l\000e\000\040\000d\000e\000\040\000L\000e\000b\000e\000s\000g\000u\000e\000\040\000m\000u\000n\000i\000e\000\040\000d\000e\000\040\000l\000a\000\040\000m\000e\000s\000u\000r\000e\000\040\000d\000e\000\040\000c\000o\000m\000p\000t\000a\000g\000e}{part.1}% 22
\BOOKMARK [1][-]{section.4.1}{\376\377\000L\000i\000e\000n\000\040\000a\000v\000e\000c\000\040\000l\000e\000s\000\040\000s\000\351\000r\000i\000e\000s}{chapter.4}% 23
\BOOKMARK [1][-]{section.4.2}{\376\377\000Q\000u\000e\000\040\000d\000e\000v\000i\000e\000n\000n\000e\000n\000t\000\040\000l\000e\000s\000\040\000p\000r\000o\000p\000r\000i\000\351\000t\000\351\000s\000\040\000d\000e\000\040\000l\000'\000i\000n\000t\000\351\000g\000r\000a\000l\000e\000\040\000d\000a\000n\000s\000\040\000c\000e\000\040\000c\000a\000s\000\040\000p\000a\000r\000t\000i\000c\000u\000l\000i\000e\000r\000\040\000?}{chapter.4}% 24
\BOOKMARK [-1][-]{part.2}{\376\377\000I\000I\000\040\000P\000r\000o\000b\000a\000b\000i\000l\000i\000t\000\351\000s}{}% 25
\BOOKMARK [0][-]{chapter.5}{\376\377\000G\000\351\000n\000\351\000r\000a\000l\000i\000t\000\351\000s\000\040\000s\000u\000r\000\040\000l\000e\000s\000\040\000p\000r\000o\000b\000a\000b\000i\000l\000i\000t\000\351\000s}{part.2}% 26
\BOOKMARK [1][-]{section.5.1}{\376\377\000P\000r\000e\000m\000i\000\350\000r\000e\000s\000\040\000d\000\351\000f\000i\000n\000i\000t\000i\000o\000n\000s}{chapter.5}% 27
\BOOKMARK [1][-]{section.5.2}{\376\377\000I\000n\000d\000\351\000p\000e\000n\000d\000a\000n\000c\000e\000\040\000e\000t\000\040\000c\000o\000n\000d\000i\000t\000i\000o\000n\000n\000e\000m\000e\000n\000t}{chapter.5}% 28
\BOOKMARK [2][-]{subsection.5.2.1}{\376\377\000T\000r\000o\000i\000s\000\040\000f\000o\000r\000m\000u\000l\000e\000s\000\040\000u\000t\000i\000l\000e\000s}{section.5.2}% 29
\BOOKMARK [1][-]{section.5.3}{\376\377\000F\000o\000n\000c\000t\000i\000o\000n\000\040\000d\000e\000\040\000r\000\351\000p\000a\000r\000t\000i\000t\000i\000o\000n}{chapter.5}% 30
\BOOKMARK [1][-]{section.5.4}{\376\377\000D\000e\000u\000x\000\040\000c\000a\000s\000\040\000p\000a\000r\000t\000i\000c\000u\000l\000i\000e\000r\000s\000\040\000d\000e\000\040\000m\000e\000s\000u\000r\000e\000s\000\040\000d\000e\000\040\000p\000r\000o\000b\000a\000b\000i\000l\000i\000t\000\351\000s}{chapter.5}% 31
\BOOKMARK [2][-]{subsection.5.4.1}{\376\377\000M\000e\000s\000u\000r\000e\000s\000\040\000d\000e\000\040\000p\000r\000o\000b\000a\000b\000i\000l\000i\000t\000\351\000\040\000\340\000\040\000d\000e\000n\000s\000i\000t\000\351}{section.5.4}% 32
\BOOKMARK [2][-]{subsection.5.4.2}{\376\377\000M\000e\000s\000u\000r\000e\000\040\000d\000e\000\040\000p\000r\000o\000b\000a\000b\000i\000l\000i\000t\000\351\000\040\000d\000i\000s\000c\000r\000\350\000t\000e\000s}{section.5.4}% 33
\BOOKMARK [0][-]{chapter.6}{\376\377\000V\000a\000r\000i\000a\000b\000l\000e\000s\000\040\000a\000l\000\351\000a\000t\000o\000i\000r\000e\000s}{part.2}% 34
\BOOKMARK [1][-]{section.6.1}{\376\377\000D\000\351\000f\000i\000n\000i\000t\000i\000o\000n\000s}{chapter.6}% 35
\BOOKMARK [1][-]{section.6.2}{\376\377\000L\000o\000i\000\040\000d\000'\000u\000n\000e\000\040\000v\000a\000r\000i\000a\000b\000l\000e\000\040\000a\000l\000\351\000a\000t\000o\000i\000r\000e}{chapter.6}% 36
\BOOKMARK [2][-]{subsection.6.2.1}{\376\377\000L\000o\000i\000\040\000j\000o\000i\000n\000t\000e\000\040\000e\000t\000\040\000l\000o\000i\000s\000\040\000m\000a\000r\000g\000i\000n\000a\000l\000e\000s}{section.6.2}% 37
\BOOKMARK [1][-]{section.6.3}{\376\377\000V\000a\000r\000i\000a\000b\000l\000e\000s\000\040\000a\000l\000\351\000a\000t\000o\000i\000r\000e\000s\000\040\000i\000n\000d\000\351\000p\000e\000n\000d\000a\000n\000t\000e\000s}{chapter.6}% 38
\BOOKMARK [2][-]{subsection.6.3.1}{\376\377\000D\000\351\000f\000i\000n\000i\000t\000i\000o\000n\000s}{section.6.3}% 39
\BOOKMARK [2][-]{subsection.6.3.2}{\376\377\000D\000e\000u\000x\000\040\000r\000\351\000s\000u\000l\000t\000a\000t\000s\000\040\000i\000m\000p\000o\000r\000t\000a\000n\000t\000s}{section.6.3}% 40
\BOOKMARK [1][-]{section.6.4}{\376\377\000M\000o\000m\000e\000n\000t\000s\000\040\000d\000'\000u\000n\000e\000\040\000v\000a\000r\000i\000a\000b\000l\000e\000\040\000a\000l\000\351\000a\000t\000o\000i\000r\000e\000\040\000r\000\351\000e\000l\000l\000e\000\040\000o\000u\000\040\000d\000i\000s\000c\000r\000\350\000t\000e}{chapter.6}% 41
\BOOKMARK [2][-]{subsection.6.4.1}{\376\377\000F\000o\000r\000m\000u\000l\000e\000\040\000d\000e\000\040\000t\000r\000a\000n\000s\000f\000e\000r\000t}{section.6.4}% 42
\BOOKMARK [2][-]{subsection.6.4.2}{\376\377\000I\000n\000d\000\351\000p\000e\000n\000d\000a\000n\000c\000e\000\040\000e\000t\000\040\000e\000s\000p\000\351\000r\000a\000n\000c\000e}{section.6.4}% 43
\BOOKMARK [2][-]{subsection.6.4.3}{\376\377\000V\000a\000r\000i\000a\000n\000c\000e\000\040\000e\000t\000\040\000c\000o\000v\000a\000r\000i\000a\000n\000c\000e}{section.6.4}% 44
\BOOKMARK [1][-]{section.6.5}{\376\377\000M\000o\000m\000e\000n\000t\000s\000\040\000d\000'\000u\000n\000\040\000v\000e\000c\000t\000e\000u\000r\000\040\000a\000l\000\351\000a\000t\000o\000i\000r\000e}{chapter.6}% 45
\BOOKMARK [1][-]{section.6.6}{\376\377\000C\000o\000n\000d\000i\000t\000i\000o\000n\000n\000e\000m\000e\000n\000t\000\040\000p\000a\000r\000\040\000u\000n\000e\000\040\000v\000a\000r\000i\000a\000b\000l\000e\000\040\000a\000l\000\351\000a\000t\000o\000i\000r\000e}{chapter.6}% 46
\BOOKMARK [2][-]{subsection.6.6.1}{\376\377\000L\000o\000i\000s\000\040\000c\000o\000n\000d\000i\000t\000i\000o\000n\000n\000e\000l\000l\000e\000s}{section.6.6}% 47
\BOOKMARK [2][-]{subsection.6.6.2}{\376\377\000E\000s\000p\000\351\000r\000a\000n\000c\000e\000\040\000c\000o\000n\000d\000i\000t\000i\000o\000n\000n\000e\000l\000l\000e}{section.6.6}% 48
\BOOKMARK [0][-]{chapter.7}{\376\377\000C\000o\000n\000v\000e\000r\000g\000e\000n\000c\000e\000\040\000d\000e\000s\000\040\000s\000u\000i\000t\000e\000s\000\040\000d\000e\000\040\000v\000a\000r\000i\000a\000b\000l\000e\000s\000\040\000a\000l\000\351\000a\000t\000o\000i\000r\000e\000s}{part.2}% 49
\BOOKMARK [1][-]{section.7.1}{\376\377\000L\000e\000s\000\040\000d\000i\000f\000f\000\351\000r\000e\000n\000t\000s\000\040\000m\000o\000d\000e\000s\000\040\000d\000e\000\040\000c\000o\000n\000v\000e\000r\000g\000e\000n\000c\000e}{chapter.7}% 50
\BOOKMARK [2][-]{subsection.7.1.1}{\376\377\000L\000a\000\040\000c\000o\000n\000v\000e\000r\000g\000e\000n\000c\000e\000\040\000e\000n\000\040\000l\000o\000i}{section.7.1}% 51
\BOOKMARK [2][-]{subsection.7.1.2}{\376\377\000L\000a\000\040\000c\000o\000n\000v\000e\000r\000g\000e\000n\000c\000e\000\040\000e\000n\000\040\000p\000r\000o\000b\000a\000b\000i\000l\000i\000t\000\351}{section.7.1}% 52
\BOOKMARK [2][-]{subsection.7.1.3}{\376\377\000L\000a\000\040\000c\000o\000n\000v\000e\000r\000g\000e\000n\000c\000e\000\040\000e\000n\000\040\000n\000o\000r\000m\000e\000\040\000L\000r}{section.7.1}% 53
\BOOKMARK [2][-]{subsection.7.1.4}{\376\377\000L\000a\000\040\000c\000o\000n\000v\000e\000r\000g\000e\000n\000c\000e\000\040\000p\000r\000e\000s\000q\000u\000e\000-\000s\000\373\000r\000e}{section.7.1}% 54
